This file contains any messages produced by compilers while
running configure, to aid debugging if configure makes a mistake.

It was created by json-c configure 0.13.99, which was
generated by GNU Autoconf 2.69.  Invocation command line was

  $ ./configure 

## --------- ##
## Platform. ##
## --------- ##

hostname = Caboose-Two
uname -m = x86_64
uname -r = 5.1.12-arch1-1-ARCH
uname -s = Linux
uname -v = #1 SMP PREEMPT Wed Jun 19 09:16:00 UTC 2019

/usr/bin/uname -p = unknown
/bin/uname -X     = unknown

/bin/arch              = unknown
/usr/bin/arch -k       = unknown
/usr/convex/getsysinfo = unknown
/usr/bin/hostinfo      = unknown
/bin/machine           = unknown
/usr/bin/oslevel       = unknown
/bin/universe          = unknown

PATH: /usr/local/bin
PATH: /usr/local/sbin
PATH: /usr/bin
PATH: /usr/lib/jvm/default/bin
PATH: /usr/bin/site_perl
PATH: /usr/bin/vendor_perl
PATH: /usr/bin/core_perl
PATH: /var/lib/snapd/snap/bin
PATH: /bin
PATH: /home/julian/go/bin
PATH: /home/julian/go/bin
PATH: /home/julian/go/bin


## ----------- ##
## Core tests. ##
## ----------- ##

configure:2364: checking for a BSD-compatible install
configure:2432: result: /usr/bin/install -c
configure:2443: checking whether build environment is sane
configure:2498: result: yes
configure:2647: checking for a thread-safe mkdir -p
configure:2686: result: /usr/bin/mkdir -p
configure:2693: checking for gawk
configure:2709: found /usr/bin/gawk
configure:2720: result: gawk
configure:2731: checking whether make sets $(MAKE)
configure:2753: result: yes
configure:2782: checking whether make supports nested variables
configure:2799: result: yes
configure:2928: checking whether make sets $(MAKE)
configure:2950: result: yes
configure:2964: checking build system type
configure:2978: result: x86_64-pc-linux-gnu
configure:2998: checking host system type
configure:3011: result: x86_64-pc-linux-gnu
configure:3047: result: Multi-threaded support disabled. Use --enable-threading to enable.
configure:3066: result: RDRAND Hardware RNG Hash Seed disabled. Use --enable-rdrand to enable
configure:3082: checking whether make supports nested variables
configure:3099: result: yes
configure:3120: checking whether make supports the include directive
configure:3135: make -f confmf.GNU && cat confinc.out
this is the am__doit target
configure:3138: $? = 0
configure:3157: result: yes (GNU style)
configure:3227: checking for gcc
configure:3243: found /usr/bin/gcc
configure:3254: result: gcc
configure:3483: checking for C compiler version
configure:3492: gcc --version >&5
gcc (GCC) 9.1.0
Copyright (C) 2019 Free Software Foundation, Inc.
This is free software; see the source for copying conditions.  There is NO
warranty; not even for MERCHANTABILITY or FITNESS FOR A PARTICULAR PURPOSE.

configure:3503: $? = 0
configure:3492: gcc -v >&5
Using built-in specs.
COLLECT_GCC=gcc
COLLECT_LTO_WRAPPER=/usr/lib/gcc/x86_64-pc-linux-gnu/9.1.0/lto-wrapper
Target: x86_64-pc-linux-gnu
Configured with: /build/gcc/src/gcc/configure --prefix=/usr --libdir=/usr/lib --libexecdir=/usr/lib --mandir=/usr/share/man --infodir=/usr/share/info --with-bugurl=https://bugs.archlinux.org/ --enable-languages=c,c++,ada,fortran,go,lto,objc,obj-c++ --enable-shared --enable-threads=posix --with-system-zlib --with-isl --enable-__cxa_atexit --disable-libunwind-exceptions --enable-clocale=gnu --disable-libstdcxx-pch --disable-libssp --enable-gnu-unique-object --enable-linker-build-id --enable-lto --enable-plugin --enable-install-libiberty --with-linker-hash-style=gnu --enable-gnu-indirect-function --enable-multilib --disable-werror --enable-checking=release --enable-default-pie --enable-default-ssp --enable-cet=auto
Thread model: posix
gcc version 9.1.0 (GCC) 
configure:3503: $? = 0
configure:3492: gcc -V >&5
gcc: error: unrecognized command line option '-V'
gcc: fatal error: no input files
compilation terminated.
configure:3503: $? = 1
configure:3492: gcc -qversion >&5
gcc: error: unrecognized command line option '-qversion'; did you mean '--version'?
gcc: fatal error: no input files
compilation terminated.
configure:3503: $? = 1
configure:3523: checking whether the C compiler works
configure:3545: gcc    conftest.c  >&5
configure:3549: $? = 0
configure:3597: result: yes
configure:3600: checking for C compiler default output file name
configure:3602: result: a.out
configure:3608: checking for suffix of executables
configure:3615: gcc -o conftest    conftest.c  >&5
configure:3619: $? = 0
configure:3641: result: 
configure:3663: checking whether we are cross compiling
configure:3671: gcc -o conftest    conftest.c  >&5
configure:3675: $? = 0
configure:3682: ./conftest
configure:3686: $? = 0
configure:3674: result: no
configure:3679: checking for suffix of object files
configure:3701: gcc -c   conftest.c >&5
configure:3705: $? = 0
configure:3726: result: o
configure:3730: checking whether we are using the GNU C compiler
configure:3749: gcc -c   conftest.c >&5
configure:3749: $? = 0
configure:3758: result: yes
configure:3767: checking whether gcc accepts -g
configure:3787: gcc -c -g  conftest.c >&5
configure:3787: $? = 0
configure:3828: result: yes
configure:3845: checking for gcc option to accept ISO C89
configure:3908: gcc  -c -g -O2  conftest.c >&5
configure:3908: $? = 0
configure:3921: result: none needed
configure:3946: checking whether gcc understands -c and -o together
configure:3968: gcc -c conftest.c -o conftest2.o
configure:3971: $? = 0
configure:3968: gcc -c conftest.c -o conftest2.o
configure:3971: $? = 0
configure:3983: result: yes
configure:4002: checking dependency style of gcc
configure:4113: result: gcc3
configure:4129: checking for gcc option to accept ISO C99
configure:4278: gcc  -c -g -O2  conftest.c >&5
configure:4278: $? = 0
configure:4291: result: none needed
configure:4316: checking how to run the C preprocessor
configure:4347: gcc -E  conftest.c
configure:4347: $? = 0
configure:4361: gcc -E  conftest.c
conftest.c:11:10: fatal error: ac_nonexistent.h: No such file or directory
   11 | #include <ac_nonexistent.h>
      |          ^~~~~~~~~~~~~~~~~~
compilation terminated.
configure:4361: $? = 1
configure: failed program was:
| /* confdefs.h */
| #define PACKAGE_NAME "json-c"
| #define PACKAGE_TARNAME "json-c"
| #define PACKAGE_VERSION "0.13.99"
| #define PACKAGE_STRING "json-c 0.13.99"
| #define PACKAGE_BUGREPORT "json-c@googlegroups.com"
| #define PACKAGE_URL ""
| #define PACKAGE "json-c"
| #define VERSION "0.13.99"
| /* end confdefs.h.  */
| #include <ac_nonexistent.h>
configure:4386: result: gcc -E
configure:4406: gcc -E  conftest.c
configure:4406: $? = 0
configure:4420: gcc -E  conftest.c
conftest.c:11:10: fatal error: ac_nonexistent.h: No such file or directory
   11 | #include <ac_nonexistent.h>
      |          ^~~~~~~~~~~~~~~~~~
compilation terminated.
configure:4420: $? = 1
configure: failed program was:
| /* confdefs.h */
| #define PACKAGE_NAME "json-c"
| #define PACKAGE_TARNAME "json-c"
| #define PACKAGE_VERSION "0.13.99"
| #define PACKAGE_STRING "json-c 0.13.99"
| #define PACKAGE_BUGREPORT "json-c@googlegroups.com"
| #define PACKAGE_URL ""
| #define PACKAGE "json-c"
| #define VERSION "0.13.99"
| /* end confdefs.h.  */
| #include <ac_nonexistent.h>
configure:4449: checking for grep that handles long lines and -e
configure:4507: result: /usr/bin/grep
configure:4512: checking for egrep
configure:4574: result: /usr/bin/grep -E
configure:4579: checking for ANSI C header files
configure:4599: gcc -c -g -O2  conftest.c >&5
configure:4599: $? = 0
configure:4672: gcc -o conftest -g -O2   conftest.c  >&5
configure:4672: $? = 0
configure:4672: ./conftest
configure:4672: $? = 0
configure:4683: result: yes
configure:4696: checking for sys/types.h
configure:4696: gcc -c -g -O2  conftest.c >&5
configure:4696: $? = 0
configure:4696: result: yes
configure:4696: checking for sys/stat.h
configure:4696: gcc -c -g -O2  conftest.c >&5
configure:4696: $? = 0
configure:4696: result: yes
configure:4696: checking for stdlib.h
configure:4696: gcc -c -g -O2  conftest.c >&5
configure:4696: $? = 0
configure:4696: result: yes
configure:4696: checking for string.h
configure:4696: gcc -c -g -O2  conftest.c >&5
configure:4696: $? = 0
configure:4696: result: yes
configure:4696: checking for memory.h
configure:4696: gcc -c -g -O2  conftest.c >&5
configure:4696: $? = 0
configure:4696: result: yes
configure:4696: checking for strings.h
configure:4696: gcc -c -g -O2  conftest.c >&5
configure:4696: $? = 0
configure:4696: result: yes
configure:4696: checking for inttypes.h
configure:4696: gcc -c -g -O2  conftest.c >&5
configure:4696: $? = 0
configure:4696: result: yes
configure:4696: checking for stdint.h
configure:4696: gcc -c -g -O2  conftest.c >&5
configure:4696: $? = 0
configure:4696: result: yes
configure:4696: checking for unistd.h
configure:4696: gcc -c -g -O2  conftest.c >&5
configure:4696: $? = 0
configure:4696: result: yes
configure:4711: checking fcntl.h usability
configure:4711: gcc -c -g -O2  conftest.c >&5
configure:4711: $? = 0
configure:4711: result: yes
configure:4711: checking fcntl.h presence
configure:4711: gcc -E  conftest.c
configure:4711: $? = 0
configure:4711: result: yes
configure:4711: checking for fcntl.h
configure:4711: result: yes
configure:4711: checking limits.h usability
configure:4711: gcc -c -g -O2  conftest.c >&5
configure:4711: $? = 0
configure:4711: result: yes
configure:4711: checking limits.h presence
configure:4711: gcc -E  conftest.c
configure:4711: $? = 0
configure:4711: result: yes
configure:4711: checking for limits.h
configure:4711: result: yes
configure:4711: checking for strings.h
configure:4711: result: yes
configure:4711: checking syslog.h usability
configure:4711: gcc -c -g -O2  conftest.c >&5
configure:4711: $? = 0
configure:4711: result: yes
configure:4711: checking syslog.h presence
configure:4711: gcc -E  conftest.c
configure:4711: $? = 0
configure:4711: result: yes
configure:4711: checking for syslog.h
configure:4711: result: yes
configure:4711: checking for unistd.h
configure:4711: result: yes
configure:4711: checking sys/cdefs.h usability
configure:4711: gcc -c -g -O2  conftest.c >&5
configure:4711: $? = 0
configure:4711: result: yes
configure:4711: checking sys/cdefs.h presence
configure:4711: gcc -E  conftest.c
configure:4711: $? = 0
configure:4711: result: yes
configure:4711: checking for sys/cdefs.h
configure:4711: result: yes
configure:4711: checking sys/param.h usability
configure:4711: gcc -c -g -O2  conftest.c >&5
configure:4711: $? = 0
configure:4711: result: yes
configure:4711: checking sys/param.h presence
configure:4711: gcc -E  conftest.c
configure:4711: $? = 0
configure:4711: result: yes
configure:4711: checking for sys/param.h
configure:4711: result: yes
configure:4711: checking stdarg.h usability
configure:4711: gcc -c -g -O2  conftest.c >&5
configure:4711: $? = 0
configure:4711: result: yes
configure:4711: checking stdarg.h presence
configure:4711: gcc -E  conftest.c
configure:4711: $? = 0
configure:4711: result: yes
configure:4711: checking for stdarg.h
configure:4711: result: yes
configure:4711: checking locale.h usability
configure:4711: gcc -c -g -O2  conftest.c >&5
configure:4711: $? = 0
configure:4711: result: yes
configure:4711: checking locale.h presence
configure:4711: gcc -E  conftest.c
configure:4711: $? = 0
configure:4711: result: yes
configure:4711: checking for locale.h
configure:4711: result: yes
configure:4711: checking xlocale.h usability
configure:4711: gcc -c -g -O2  conftest.c >&5
conftest.c:63:10: fatal error: xlocale.h: No such file or directory
   63 | #include <xlocale.h>
      |          ^~~~~~~~~~~
compilation terminated.
configure:4711: $? = 1
configure: failed program was:
| /* confdefs.h */
| #define PACKAGE_NAME "json-c"
| #define PACKAGE_TARNAME "json-c"
| #define PACKAGE_VERSION "0.13.99"
| #define PACKAGE_STRING "json-c 0.13.99"
| #define PACKAGE_BUGREPORT "json-c@googlegroups.com"
| #define PACKAGE_URL ""
| #define PACKAGE "json-c"
| #define VERSION "0.13.99"
| #define STDC_HEADERS 1
| #define HAVE_SYS_TYPES_H 1
| #define HAVE_SYS_STAT_H 1
| #define HAVE_STDLIB_H 1
| #define HAVE_STRING_H 1
| #define HAVE_MEMORY_H 1
| #define HAVE_STRINGS_H 1
| #define HAVE_INTTYPES_H 1
| #define HAVE_STDINT_H 1
| #define HAVE_UNISTD_H 1
| #define HAVE_FCNTL_H 1
| #define HAVE_LIMITS_H 1
| #define HAVE_STRINGS_H 1
| #define HAVE_SYSLOG_H 1
| #define HAVE_UNISTD_H 1
| #define HAVE_SYS_CDEFS_H 1
| #define HAVE_SYS_PARAM_H 1
| #define HAVE_STDARG_H 1
| #define HAVE_LOCALE_H 1
| /* end confdefs.h.  */
| #include <stdio.h>
| #ifdef HAVE_SYS_TYPES_H
| # include <sys/types.h>
| #endif
| #ifdef HAVE_SYS_STAT_H
| # include <sys/stat.h>
| #endif
| #ifdef STDC_HEADERS
| # include <stdlib.h>
| # include <stddef.h>
| #else
| # ifdef HAVE_STDLIB_H
| #  include <stdlib.h>
| # endif
| #endif
| #ifdef HAVE_STRING_H
| # if !defined STDC_HEADERS && defined HAVE_MEMORY_H
| #  include <memory.h>
| # endif
| # include <string.h>
| #endif
| #ifdef HAVE_STRINGS_H
| # include <strings.h>
| #endif
| #ifdef HAVE_INTTYPES_H
| # include <inttypes.h>
| #endif
| #ifdef HAVE_STDINT_H
| # include <stdint.h>
| #endif
| #ifdef HAVE_UNISTD_H
| # include <unistd.h>
| #endif
| #include <xlocale.h>
configure:4711: result: no
configure:4711: checking xlocale.h presence
configure:4711: gcc -E  conftest.c
conftest.c:30:10: fatal error: xlocale.h: No such file or directory
   30 | #include <xlocale.h>
      |          ^~~~~~~~~~~
compilation terminated.
configure:4711: $? = 1
configure: failed program was:
| /* confdefs.h */
| #define PACKAGE_NAME "json-c"
| #define PACKAGE_TARNAME "json-c"
| #define PACKAGE_VERSION "0.13.99"
| #define PACKAGE_STRING "json-c 0.13.99"
| #define PACKAGE_BUGREPORT "json-c@googlegroups.com"
| #define PACKAGE_URL ""
| #define PACKAGE "json-c"
| #define VERSION "0.13.99"
| #define STDC_HEADERS 1
| #define HAVE_SYS_TYPES_H 1
| #define HAVE_SYS_STAT_H 1
| #define HAVE_STDLIB_H 1
| #define HAVE_STRING_H 1
| #define HAVE_MEMORY_H 1
| #define HAVE_STRINGS_H 1
| #define HAVE_INTTYPES_H 1
| #define HAVE_STDINT_H 1
| #define HAVE_UNISTD_H 1
| #define HAVE_FCNTL_H 1
| #define HAVE_LIMITS_H 1
| #define HAVE_STRINGS_H 1
| #define HAVE_SYSLOG_H 1
| #define HAVE_UNISTD_H 1
| #define HAVE_SYS_CDEFS_H 1
| #define HAVE_SYS_PARAM_H 1
| #define HAVE_STDARG_H 1
| #define HAVE_LOCALE_H 1
| /* end confdefs.h.  */
| #include <xlocale.h>
configure:4711: result: no
configure:4711: checking for xlocale.h
configure:4711: result: no
configure:4711: checking endian.h usability
configure:4711: gcc -c -g -O2  conftest.c >&5
configure:4711: $? = 0
configure:4711: result: yes
configure:4711: checking endian.h presence
configure:4711: gcc -E  conftest.c
configure:4711: $? = 0
configure:4711: result: yes
configure:4711: checking for endian.h
configure:4711: result: yes
configure:4721: checking for inttypes.h
configure:4721: result: yes
configure:4731: checking for an ANSI C-conforming const
configure:4797: gcc -c -g -O2  conftest.c >&5
configure:4797: $? = 0
configure:4804: result: yes
configure:4812: checking for size_t
configure:4812: gcc -c -g -O2  conftest.c >&5
configure:4812: $? = 0
configure:4812: gcc -c -g -O2  conftest.c >&5
conftest.c: In function 'main':
conftest.c:68:21: error: expected expression before ')' token
   68 | if (sizeof ((size_t)))
      |                     ^
configure:4812: $? = 1
configure: failed program was:
| /* confdefs.h */
| #define PACKAGE_NAME "json-c"
| #define PACKAGE_TARNAME "json-c"
| #define PACKAGE_VERSION "0.13.99"
| #define PACKAGE_STRING "json-c 0.13.99"
| #define PACKAGE_BUGREPORT "json-c@googlegroups.com"
| #define PACKAGE_URL ""
| #define PACKAGE "json-c"
| #define VERSION "0.13.99"
| #define STDC_HEADERS 1
| #define HAVE_SYS_TYPES_H 1
| #define HAVE_SYS_STAT_H 1
| #define HAVE_STDLIB_H 1
| #define HAVE_STRING_H 1
| #define HAVE_MEMORY_H 1
| #define HAVE_STRINGS_H 1
| #define HAVE_INTTYPES_H 1
| #define HAVE_STDINT_H 1
| #define HAVE_UNISTD_H 1
| #define HAVE_FCNTL_H 1
| #define HAVE_LIMITS_H 1
| #define HAVE_STRINGS_H 1
| #define HAVE_SYSLOG_H 1
| #define HAVE_UNISTD_H 1
| #define HAVE_SYS_CDEFS_H 1
| #define HAVE_SYS_PARAM_H 1
| #define HAVE_STDARG_H 1
| #define HAVE_LOCALE_H 1
| #define HAVE_ENDIAN_H 1
| #define JSON_C_HAVE_INTTYPES_H 1
| /* end confdefs.h.  */
| #include <stdio.h>
| #ifdef HAVE_SYS_TYPES_H
| # include <sys/types.h>
| #endif
| #ifdef HAVE_SYS_STAT_H
| # include <sys/stat.h>
| #endif
| #ifdef STDC_HEADERS
| # include <stdlib.h>
| # include <stddef.h>
| #else
| # ifdef HAVE_STDLIB_H
| #  include <stdlib.h>
| # endif
| #endif
| #ifdef HAVE_STRING_H
| # if !defined STDC_HEADERS && defined HAVE_MEMORY_H
| #  include <memory.h>
| # endif
| # include <string.h>
| #endif
| #ifdef HAVE_STRINGS_H
| # include <strings.h>
| #endif
| #ifdef HAVE_INTTYPES_H
| # include <inttypes.h>
| #endif
| #ifdef HAVE_STDINT_H
| # include <stdint.h>
| #endif
| #ifdef HAVE_UNISTD_H
| # include <unistd.h>
| #endif
| int
| main ()
| {
| if (sizeof ((size_t)))
| 	    return 0;
|   ;
|   return 0;
| }
configure:4812: result: yes
configure:4824: checking for __thread support
configure:4841: gcc -o conftest -g -O2   conftest.c  >&5
conftest.c: In function 'main':
conftest.c:37:1: warning: implicit declaration of function 'exit' [-Wimplicit-function-declaration]
   37 | exit (foo (0));
      | ^~~~
conftest.c:37:1: warning: incompatible implicit declaration of built-in function 'exit'
conftest.c:1:1: note: include '<stdlib.h>' or provide a declaration of 'exit'
    1 | /* confdefs.h */
configure:4841: $? = 0
configure:4850: result: yes
configure:4865: checking for vprintf
configure:4865: gcc -o conftest -g -O2   conftest.c  >&5
conftest.c:57:6: warning: conflicting types for built-in function 'vprintf'; expected 'int(const char *, __va_list_tag *)' [-Wbuiltin-declaration-mismatch]
   57 | char vprintf ();
      |      ^~~~~~~
conftest.c:45:1: note: 'vprintf' is declared in header '<stdio.h>'
   44 | # include <limits.h>
   45 | #else
configure:4865: $? = 0
configure:4865: result: yes
configure:4871: checking for _doprnt
configure:4871: gcc -o conftest -g -O2   conftest.c  >&5
/usr/bin/ld: /tmp/ccNwVkWV.o: in function `main':
/home/julian/Exploration-of-Concurrency/week6/json-c/conftest.c:69: undefined reference to `_doprnt'
collect2: error: ld returned 1 exit status
configure:4871: $? = 1
configure: failed program was:
| /* confdefs.h */
| #define PACKAGE_NAME "json-c"
| #define PACKAGE_TARNAME "json-c"
| #define PACKAGE_VERSION "0.13.99"
| #define PACKAGE_STRING "json-c 0.13.99"
| #define PACKAGE_BUGREPORT "json-c@googlegroups.com"
| #define PACKAGE_URL ""
| #define PACKAGE "json-c"
| #define VERSION "0.13.99"
| #define STDC_HEADERS 1
| #define HAVE_SYS_TYPES_H 1
| #define HAVE_SYS_STAT_H 1
| #define HAVE_STDLIB_H 1
| #define HAVE_STRING_H 1
| #define HAVE_MEMORY_H 1
| #define HAVE_STRINGS_H 1
| #define HAVE_INTTYPES_H 1
| #define HAVE_STDINT_H 1
| #define HAVE_UNISTD_H 1
| #define HAVE_FCNTL_H 1
| #define HAVE_LIMITS_H 1
| #define HAVE_STRINGS_H 1
| #define HAVE_SYSLOG_H 1
| #define HAVE_UNISTD_H 1
| #define HAVE_SYS_CDEFS_H 1
| #define HAVE_SYS_PARAM_H 1
| #define HAVE_STDARG_H 1
| #define HAVE_LOCALE_H 1
| #define HAVE_ENDIAN_H 1
| #define JSON_C_HAVE_INTTYPES_H 1
| #define HAVE___THREAD 1
| #define SPEC___THREAD __thread
| #define HAVE_VPRINTF 1
| /* end confdefs.h.  */
| /* Define _doprnt to an innocuous variant, in case <limits.h> declares _doprnt.
|    For example, HP-UX 11i <limits.h> declares gettimeofday.  */
| #define _doprnt innocuous__doprnt
| 
| /* System header to define __stub macros and hopefully few prototypes,
|     which can conflict with char _doprnt (); below.
|     Prefer <limits.h> to <assert.h> if __STDC__ is defined, since
|     <limits.h> exists even on freestanding compilers.  */
| 
| #ifdef __STDC__
| # include <limits.h>
| #else
| # include <assert.h>
| #endif
| 
| #undef _doprnt
| 
| /* Override any GCC internal prototype to avoid an error.
|    Use char because int might match the return type of a GCC
|    builtin and then its argument prototype would still apply.  */
| #ifdef __cplusplus
| extern "C"
| #endif
| char _doprnt ();
| /* The GNU C library defines this for functions which it implements
|     to always fail with ENOSYS.  Some functions are actually named
|     something starting with __ and the normal name is an alias.  */
| #if defined __stub__doprnt || defined __stub____doprnt
| choke me
| #endif
| 
| int
| main ()
| {
| return _doprnt ();
|   ;
|   return 0;
| }
configure:4871: result: no
configure:4882: checking for working memcmp
configure:4925: gcc -o conftest -g -O2   conftest.c  >&5
configure:4925: $? = 0
configure:4925: ./conftest
configure:4925: $? = 0
configure:4935: result: yes
configure:4946: checking for realloc
configure:4946: gcc -o conftest -g -O2   conftest.c  >&5
conftest.c:58:6: warning: conflicting types for built-in function 'realloc'; expected 'void *(void *, long unsigned int)' [-Wbuiltin-declaration-mismatch]
   58 | char realloc ();
      |      ^~~~~~~
conftest.c:46:1: note: 'realloc' is declared in header '<stdlib.h>'
   45 | # include <limits.h>
   46 | #else
configure:4946: $? = 0
configure:4946: result: yes
configure:4958: checking for strcasecmp
configure:4958: gcc -o conftest -g -O2   conftest.c  >&5
conftest.c:59:6: warning: conflicting types for built-in function 'strcasecmp'; expected 'int(const char *, const char *)' [-Wbuiltin-declaration-mismatch]
   59 | char strcasecmp ();
      |      ^~~~~~~~~~
configure:4958: $? = 0
configure:4958: result: yes
configure:4958: checking for strdup
configure:4958: gcc -o conftest -g -O2   conftest.c  >&5
conftest.c:60:6: warning: conflicting types for built-in function 'strdup'; expected 'char *(const char *)' [-Wbuiltin-declaration-mismatch]
   60 | char strdup ();
      |      ^~~~~~
configure:4958: $? = 0
configure:4958: result: yes
configure:4958: checking for strerror
configure:4958: gcc -o conftest -g -O2   conftest.c  >&5
configure:4958: $? = 0
configure:4958: result: yes
configure:4958: checking for snprintf
configure:4958: gcc -o conftest -g -O2   conftest.c  >&5
conftest.c:62:6: warning: conflicting types for built-in function 'snprintf'; expected 'int(char *, long unsigned int,  const char *, ...)' [-Wbuiltin-declaration-mismatch]
   62 | char snprintf ();
      |      ^~~~~~~~
conftest.c:50:1: note: 'snprintf' is declared in header '<stdio.h>'
   49 | # include <limits.h>
   50 | #else
configure:4958: $? = 0
configure:4958: result: yes
configure:4958: checking for vsnprintf
configure:4958: gcc -o conftest -g -O2   conftest.c  >&5
conftest.c:63:6: warning: conflicting types for built-in function 'vsnprintf'; expected 'int(char *, long unsigned int,  const char *, __va_list_tag *)' [-Wbuiltin-declaration-mismatch]
   63 | char vsnprintf ();
      |      ^~~~~~~~~
conftest.c:51:1: note: 'vsnprintf' is declared in header '<stdio.h>'
   50 | # include <limits.h>
   51 | #else
configure:4958: $? = 0
configure:4958: result: yes
configure:4958: checking for vasprintf
configure:4958: gcc -o conftest -g -O2   conftest.c  >&5
configure:4958: $? = 0
configure:4958: result: yes
configure:4958: checking for open
configure:4958: gcc -o conftest -g -O2   conftest.c  >&5
configure:4958: $? = 0
configure:4958: result: yes
configure:4958: checking for vsyslog
configure:4958: gcc -o conftest -g -O2   conftest.c  >&5
configure:4958: $? = 0
configure:4958: result: yes
configure:4958: checking for strncasecmp
configure:4958: gcc -o conftest -g -O2   conftest.c  >&5
conftest.c:67:6: warning: conflicting types for built-in function 'strncasecmp'; expected 'int(const char *, const char *, long unsigned int)' [-Wbuiltin-declaration-mismatch]
   67 | char strncasecmp ();
      |      ^~~~~~~~~~~
configure:4958: $? = 0
configure:4958: result: yes
configure:4958: checking for setlocale
configure:4958: gcc -o conftest -g -O2   conftest.c  >&5
configure:4958: $? = 0
configure:4958: result: yes
configure:4967: checking whether INFINITY is declared
configure:4967: gcc -c -g -O2  conftest.c >&5
configure:4967: $? = 0
configure:4967: result: yes
configure:4979: checking whether nan is declared
configure:4979: gcc -c -g -O2  conftest.c >&5
configure:4979: $? = 0
configure:4979: result: yes
configure:4991: checking whether isnan is declared
configure:4991: gcc -c -g -O2  conftest.c >&5
configure:4991: $? = 0
configure:4991: result: yes
configure:5003: checking whether isinf is declared
configure:5003: gcc -c -g -O2  conftest.c >&5
configure:5003: $? = 0
configure:5003: result: yes
configure:5015: checking whether _isnan is declared
configure:5015: gcc -c -g -O2  conftest.c >&5
conftest.c: In function 'main':
conftest.c:59:10: error: '_isnan' undeclared (first use in this function)
   59 |   (void) _isnan;
      |          ^~~~~~
conftest.c:59:10: note: each undeclared identifier is reported only once for each function it appears in
configure:5015: $? = 1
configure: failed program was:
| /* confdefs.h */
| #define PACKAGE_NAME "json-c"
| #define PACKAGE_TARNAME "json-c"
| #define PACKAGE_VERSION "0.13.99"
| #define PACKAGE_STRING "json-c 0.13.99"
| #define PACKAGE_BUGREPORT "json-c@googlegroups.com"
| #define PACKAGE_URL ""
| #define PACKAGE "json-c"
| #define VERSION "0.13.99"
| #define STDC_HEADERS 1
| #define HAVE_SYS_TYPES_H 1
| #define HAVE_SYS_STAT_H 1
| #define HAVE_STDLIB_H 1
| #define HAVE_STRING_H 1
| #define HAVE_MEMORY_H 1
| #define HAVE_STRINGS_H 1
| #define HAVE_INTTYPES_H 1
| #define HAVE_STDINT_H 1
| #define HAVE_UNISTD_H 1
| #define HAVE_FCNTL_H 1
| #define HAVE_LIMITS_H 1
| #define HAVE_STRINGS_H 1
| #define HAVE_SYSLOG_H 1
| #define HAVE_UNISTD_H 1
| #define HAVE_SYS_CDEFS_H 1
| #define HAVE_SYS_PARAM_H 1
| #define HAVE_STDARG_H 1
| #define HAVE_LOCALE_H 1
| #define HAVE_ENDIAN_H 1
| #define JSON_C_HAVE_INTTYPES_H 1
| #define HAVE___THREAD 1
| #define SPEC___THREAD __thread
| #define HAVE_VPRINTF 1
| #define HAVE_REALLOC 1
| #define HAVE_STRCASECMP 1
| #define HAVE_STRDUP 1
| #define HAVE_STRERROR 1
| #define HAVE_SNPRINTF 1
| #define HAVE_VSNPRINTF 1
| #define HAVE_VASPRINTF 1
| #define HAVE_OPEN 1
| #define HAVE_VSYSLOG 1
| #define HAVE_STRNCASECMP 1
| #define HAVE_SETLOCALE 1
| #define HAVE_DECL_INFINITY 1
| #define HAVE_DECL_NAN 1
| #define HAVE_DECL_ISNAN 1
| #define HAVE_DECL_ISINF 1
| /* end confdefs.h.  */
| #include <float.h>
| 
| int
| main ()
| {
| #ifndef _isnan
| #ifdef __cplusplus
|   (void) _isnan;
| #else
|   (void) _isnan;
| #endif
| #endif
| 
|   ;
|   return 0;
| }
configure:5015: result: no
configure:5027: checking whether _finite is declared
configure:5027: gcc -c -g -O2  conftest.c >&5
conftest.c: In function 'main':
conftest.c:60:10: error: '_finite' undeclared (first use in this function)
   60 |   (void) _finite;
      |          ^~~~~~~
conftest.c:60:10: note: each undeclared identifier is reported only once for each function it appears in
configure:5027: $? = 1
configure: failed program was:
| /* confdefs.h */
| #define PACKAGE_NAME "json-c"
| #define PACKAGE_TARNAME "json-c"
| #define PACKAGE_VERSION "0.13.99"
| #define PACKAGE_STRING "json-c 0.13.99"
| #define PACKAGE_BUGREPORT "json-c@googlegroups.com"
| #define PACKAGE_URL ""
| #define PACKAGE "json-c"
| #define VERSION "0.13.99"
| #define STDC_HEADERS 1
| #define HAVE_SYS_TYPES_H 1
| #define HAVE_SYS_STAT_H 1
| #define HAVE_STDLIB_H 1
| #define HAVE_STRING_H 1
| #define HAVE_MEMORY_H 1
| #define HAVE_STRINGS_H 1
| #define HAVE_INTTYPES_H 1
| #define HAVE_STDINT_H 1
| #define HAVE_UNISTD_H 1
| #define HAVE_FCNTL_H 1
| #define HAVE_LIMITS_H 1
| #define HAVE_STRINGS_H 1
| #define HAVE_SYSLOG_H 1
| #define HAVE_UNISTD_H 1
| #define HAVE_SYS_CDEFS_H 1
| #define HAVE_SYS_PARAM_H 1
| #define HAVE_STDARG_H 1
| #define HAVE_LOCALE_H 1
| #define HAVE_ENDIAN_H 1
| #define JSON_C_HAVE_INTTYPES_H 1
| #define HAVE___THREAD 1
| #define SPEC___THREAD __thread
| #define HAVE_VPRINTF 1
| #define HAVE_REALLOC 1
| #define HAVE_STRCASECMP 1
| #define HAVE_STRDUP 1
| #define HAVE_STRERROR 1
| #define HAVE_SNPRINTF 1
| #define HAVE_VSNPRINTF 1
| #define HAVE_VASPRINTF 1
| #define HAVE_OPEN 1
| #define HAVE_VSYSLOG 1
| #define HAVE_STRNCASECMP 1
| #define HAVE_SETLOCALE 1
| #define HAVE_DECL_INFINITY 1
| #define HAVE_DECL_NAN 1
| #define HAVE_DECL_ISNAN 1
| #define HAVE_DECL_ISINF 1
| #define HAVE_DECL__ISNAN 0
| /* end confdefs.h.  */
| #include <float.h>
| 
| int
| main ()
| {
| #ifndef _finite
| #ifdef __cplusplus
|   (void) _finite;
| #else
|   (void) _finite;
| #endif
| #endif
| 
|   ;
|   return 0;
| }
configure:5027: result: no
configure:5039: checking for GCC atomic builtins
configure:5058: gcc -o conftest -g -O2   conftest.c  >&5
configure:5058: $? = 0
configure:5060: result: yes
configure:5081: checking for uselocale
configure:5081: gcc -o conftest -g -O2   conftest.c  >&5
configure:5081: $? = 0
configure:5081: result: yes
configure:5107: gcc -o conftest -g -O2   conftest.c  >&5
configure:5107: $? = 0
configure:5124: checking if .gnu.warning accepts long strings
configure:5135: gcc -o conftest -g -O2   conftest.c  >&5
/tmp/ccXRuXfX.s: Assembler messages:
/tmp/ccXRuXfX.s:5: Error: character following name is not '#'
configure:5135: $? = 1
configure: failed program was:
| /* confdefs.h */
| #define PACKAGE_NAME "json-c"
| #define PACKAGE_TARNAME "json-c"
| #define PACKAGE_VERSION "0.13.99"
| #define PACKAGE_STRING "json-c 0.13.99"
| #define PACKAGE_BUGREPORT "json-c@googlegroups.com"
| #define PACKAGE_URL ""
| #define PACKAGE "json-c"
| #define VERSION "0.13.99"
| #define STDC_HEADERS 1
| #define HAVE_SYS_TYPES_H 1
| #define HAVE_SYS_STAT_H 1
| #define HAVE_STDLIB_H 1
| #define HAVE_STRING_H 1
| #define HAVE_MEMORY_H 1
| #define HAVE_STRINGS_H 1
| #define HAVE_INTTYPES_H 1
| #define HAVE_STDINT_H 1
| #define HAVE_UNISTD_H 1
| #define HAVE_FCNTL_H 1
| #define HAVE_LIMITS_H 1
| #define HAVE_STRINGS_H 1
| #define HAVE_SYSLOG_H 1
| #define HAVE_UNISTD_H 1
| #define HAVE_SYS_CDEFS_H 1
| #define HAVE_SYS_PARAM_H 1
| #define HAVE_STDARG_H 1
| #define HAVE_LOCALE_H 1
| #define HAVE_ENDIAN_H 1
| #define JSON_C_HAVE_INTTYPES_H 1
| #define HAVE___THREAD 1
| #define SPEC___THREAD __thread
| #define HAVE_VPRINTF 1
| #define HAVE_REALLOC 1
| #define HAVE_STRCASECMP 1
| #define HAVE_STRDUP 1
| #define HAVE_STRERROR 1
| #define HAVE_SNPRINTF 1
| #define HAVE_VSNPRINTF 1
| #define HAVE_VASPRINTF 1
| #define HAVE_OPEN 1
| #define HAVE_VSYSLOG 1
| #define HAVE_STRNCASECMP 1
| #define HAVE_SETLOCALE 1
| #define HAVE_DECL_INFINITY 1
| #define HAVE_DECL_NAN 1
| #define HAVE_DECL_ISNAN 1
| #define HAVE_DECL_ISINF 1
| #define HAVE_DECL__ISNAN 0
| #define HAVE_DECL__FINITE 0
| #define HAVE_ATOMIC_BUILTINS 1
| #define HAVE_USELOCALE 1
| /* end confdefs.h.  */
| 
| extern void json_object_get();
| __asm__(".section .gnu.json_object_get,\n\t.ascii \"Please link against libjson-c instead of libjson\"\n\t.text");
| 
| int main(int c,char* v) {return 0;}
| 
configure:5145: result: no
configure:5205: checking how to print strings
configure:5232: result: printf
configure:5253: checking for a sed that does not truncate output
configure:5317: result: /usr/bin/sed
configure:5335: checking for fgrep
configure:5397: result: /usr/bin/grep -F
configure:5432: checking for ld used by gcc
configure:5499: result: /usr/bin/ld
configure:5506: checking if the linker (/usr/bin/ld) is GNU ld
configure:5521: result: yes
configure:5533: checking for BSD- or MS-compatible name lister (nm)
configure:5587: result: /usr/bin/nm -B
configure:5717: checking the name lister (/usr/bin/nm -B) interface
configure:5724: gcc -c -g -O2  conftest.c >&5
configure:5727: /usr/bin/nm -B "conftest.o"
configure:5730: output
0000000000000000 B some_variable
configure:5731: result: BSD nm
configure:5734: checking whether ln -s works
configure:5738: result: yes
configure:5746: checking the maximum length of command line arguments
configure:5877: result: 1572864
configure:5925: checking how to convert x86_64-pc-linux-gnu file names to x86_64-pc-linux-gnu format
configure:5965: result: func_convert_file_noop
configure:5972: checking how to convert x86_64-pc-linux-gnu file names to toolchain format
configure:5992: result: func_convert_file_noop
configure:5999: checking for /usr/bin/ld option to reload object files
configure:6006: result: -r
configure:6080: checking for objdump
configure:6096: found /usr/bin/objdump
configure:6107: result: objdump
configure:6139: checking how to recognize dependent libraries
configure:6339: result: pass_all
configure:6424: checking for dlltool
configure:6454: result: no
configure:6484: checking how to associate runtime and link libraries
configure:6511: result: printf %s\n
configure:6571: checking for ar
configure:6587: found /usr/bin/ar
configure:6598: result: ar
configure:6651: checking for archiver @FILE support
configure:6668: gcc -c -g -O2  conftest.c >&5
configure:6668: $? = 0
configure:6671: ar cr libconftest.a @conftest.lst >&5
configure:6674: $? = 0
configure:6679: ar cr libconftest.a @conftest.lst >&5
ar: conftest.o: No such file or directory
configure:6682: $? = 1
configure:6681: result: @
configure:6739: checking for strip
configure:6755: found /usr/bin/strip
configure:6766: result: strip
configure:6838: checking for ranlib
configure:6854: found /usr/bin/ranlib
configure:6865: result: ranlib
configure:6967: checking command to parse /usr/bin/nm -B output from gcc object
configure:7120: gcc -c -g -O2  conftest.c >&5
configure:7123: $? = 0
configure:7127: /usr/bin/nm -B conftest.o \| sed -n -e 's/^.*[ ]\([ABCDGIRSTW][ABCDGIRSTW]*\)[ ][ ]*\([_A-Za-z][_A-Za-z0-9]*\)$/\1 \2 \2/p' | sed '/ __gnu_lto/d' \> conftest.nm
configure:7130: $? = 0
configure:7196: gcc -o conftest -g -O2   conftest.c conftstm.o >&5
configure:7199: $? = 0
configure:7237: result: ok
configure:7284: checking for sysroot
configure:7314: result: no
configure:7321: checking for a working dd
configure:7359: result: /usr/bin/dd
configure:7363: checking how to truncate binary pipes
configure:7378: result: /usr/bin/dd bs=4096 count=1
configure:7514: gcc -c -g -O2  conftest.c >&5
configure:7517: $? = 0
configure:7707: checking for mt
configure:7737: result: no
configure:7757: checking if : is a manifest tool
configure:7763: : '-?'
configure:7771: result: no
configure:8445: checking for dlfcn.h
configure:8445: gcc -c -g -O2  conftest.c >&5
configure:8445: $? = 0
configure:8445: result: yes
configure:8701: checking for objdir
configure:8716: result: .libs
configure:8980: checking if gcc supports -fno-rtti -fno-exceptions
configure:8998: gcc -c -g -O2  -fno-rtti -fno-exceptions conftest.c >&5
cc1: warning: command line option '-fno-rtti' is valid for C++/D/ObjC++ but not for C
configure:9002: $? = 0
configure:9015: result: no
configure:9373: checking for gcc option to produce PIC
configure:9380: result: -fPIC -DPIC
configure:9388: checking if gcc PIC flag -fPIC -DPIC works
configure:9406: gcc -c -g -O2  -fPIC -DPIC -DPIC conftest.c >&5
configure:9410: $? = 0
configure:9423: result: yes
configure:9452: checking if gcc static flag -static works
configure:9480: result: yes
configure:9495: checking if gcc supports -c -o file.o
configure:9516: gcc -c -g -O2  -o out/conftest2.o conftest.c >&5
configure:9520: $? = 0
configure:9542: result: yes
configure:9550: checking if gcc supports -c -o file.o
configure:9597: result: yes
configure:9630: checking whether the gcc linker (/usr/bin/ld -m elf_x86_64) supports shared libraries
configure:10891: result: yes
configure:10928: checking whether -lc should be explicitly linked in
configure:10936: gcc -c -g -O2  conftest.c >&5
configure:10939: $? = 0
configure:10954: gcc -shared  -fPIC -DPIC conftest.o  -v -Wl,-soname -Wl,conftest -o conftest 2\>\&1 \| /usr/bin/grep  -lc  \>/dev/null 2\>\&1
configure:10957: $? = 0
configure:10971: result: no
configure:11131: checking dynamic linker characteristics
configure:11712: gcc -o conftest -g -O2   -Wl,-rpath -Wl,/foo conftest.c  >&5
configure:11712: $? = 0
configure:11949: result: GNU/Linux ld.so
configure:12071: checking how to hardcode library paths into programs
configure:12096: result: immediate
configure:12644: checking whether stripping libraries is possible
configure:12653: result: yes
configure:12695: checking if libtool supports shared libraries
configure:12697: result: yes
configure:12700: checking whether to build shared libraries
configure:12725: result: yes
configure:12728: checking whether to build static libraries
configure:12732: result: yes
configure:9561: checking for -Bsymbolic-functions linker flag
configure:9575: gcc -o conftest -g -O2  -Wl,-Bsymbolic-functions conftest.c  >&5
configure:9575: $? = 0
configure:9577: result: yes
configure:9612: checking whether C compiler accepts -Werror
configure:9631: gcc -c -g -O2  -Werror  conftest.c >&5
configure:9631: $? = 0
configure:9640: result: yes
configure:9656: : CFLAGS="$CFLAGS"
configure:9659: $? = 0
configure:9689: checking whether C compiler accepts -Wall
configure:9708: gcc -c -g -O2 -Werror  -Wall  conftest.c >&5
configure:9708: $? = 0
configure:9717: result: yes
configure:9733: : CFLAGS="$CFLAGS"
configure:9736: $? = 0
configure:9689: checking whether C compiler accepts -Wcast-qual
configure:9708: gcc -c -g -O2 -Werror -Wall  -Wcast-qual  conftest.c >&5
configure:9708: $? = 0
configure:9717: result: yes
configure:9733: : CFLAGS="$CFLAGS"
configure:9736: $? = 0
configure:9689: checking whether C compiler accepts -Wno-error=deprecated-declarations
configure:9708: gcc -c -g -O2 -Werror -Wall -Wcast-qual  -Wno-error=deprecated-declarations  conftest.c >&5
configure:9708: $? = 0
configure:9717: result: yes
configure:9733: : CFLAGS="$CFLAGS"
configure:9736: $? = 0
configure:9764: checking whether C compiler accepts -Wextra
configure:9783: gcc -c -g -O2 -Werror -Wall -Wcast-qual -Wno-error=deprecated-declarations  -Wextra  conftest.c >&5
configure:9783: $? = 0
configure:9792: result: yes
configure:9808: : CFLAGS="$CFLAGS"
configure:9811: $? = 0
configure:9764: checking whether C compiler accepts -Wwrite-strings
configure:9783: gcc -c -g -O2 -Werror -Wall -Wcast-qual -Wno-error=deprecated-declarations -Wextra  -Wwrite-strings  conftest.c >&5
configure:9783: $? = 0
configure:9792: result: yes
configure:9808: : CFLAGS="$CFLAGS"
configure:9811: $? = 0
configure:9764: checking whether C compiler accepts -Wno-unused-parameter
configure:9783: gcc -c -g -O2 -Werror -Wall -Wcast-qual -Wno-error=deprecated-declarations -Wextra -Wwrite-strings  -Wno-unused-parameter  conftest.c >&5
configure:9783: $? = 0
configure:9792: result: yes
configure:9808: : CFLAGS="$CFLAGS"
configure:9811: $? = 0
configure:9839: checking whether C compiler accepts -D_GNU_SOURCE
configure:9858: gcc -c -g -O2 -Werror -Wall -Wcast-qual -Wno-error=deprecated-declarations -Wextra -Wwrite-strings -Wno-unused-parameter  -D_GNU_SOURCE  conftest.c >&5
configure:9858: $? = 0
configure:9867: result: yes
configure:9883: : CFLAGS="$CFLAGS"
configure:9886: $? = 0
configure:9915: checking for compatibility with _REENTRANT and toolchain headers
configure:9930: gcc -o conftest -g -O2 -Werror -Wall -Wcast-qual -Wno-error=deprecated-declarations -Wextra -Wwrite-strings -Wno-unused-parameter -D_GNU_SOURCE   conftest.c  >&5
configure:9930: $? = 0
configure:9932: result: yes
configure:9940: checking whether C compiler accepts -D_REENTRANT
configure:9959: gcc -c -g -O2 -Werror -Wall -Wcast-qual -Wno-error=deprecated-declarations -Wextra -Wwrite-strings -Wno-unused-parameter -D_GNU_SOURCE  -D_REENTRANT  conftest.c >&5
configure:9959: $? = 0
configure:9968: result: yes
configure:9984: : CFLAGS="$CFLAGS"
configure:9987: $? = 0
configure:10026: checking size of int
configure:10046: gcc -c -g -O2 -Werror -Wall -Wcast-qual -Wno-error=deprecated-declarations -Wextra -Wwrite-strings -Wno-unused-parameter -D_GNU_SOURCE -D_REENTRANT  conftest.c >&5
configure:10046: $? = 0
configure:10058: result: 4
configure:10066: checking size of long
configure:10086: gcc -c -g -O2 -Werror -Wall -Wcast-qual -Wno-error=deprecated-declarations -Wextra -Wwrite-strings -Wno-unused-parameter -D_GNU_SOURCE -D_REENTRANT  conftest.c >&5
conftest.c: In function 'main':
conftest.c:64:20: error: duplicate case value
   64 | switch (0) case 0: case (sizeof (long) == 4):;
      |                    ^~~~
conftest.c:64:12: note: previously used here
   64 | switch (0) case 0: case (sizeof (long) == 4):;
      |            ^~~~
configure:10086: $? = 1
configure: failed program was:
| /* confdefs.h */
| #define PACKAGE_NAME "json-c"
| #define PACKAGE_TARNAME "json-c"
| #define PACKAGE_VERSION "0.13.99"
| #define PACKAGE_STRING "json-c 0.13.99"
| #define PACKAGE_BUGREPORT "json-c@googlegroups.com"
| #define PACKAGE_URL ""
| #define PACKAGE "json-c"
| #define VERSION "0.13.99"
| #define STDC_HEADERS 1
| #define HAVE_SYS_TYPES_H 1
| #define HAVE_SYS_STAT_H 1
| #define HAVE_STDLIB_H 1
| #define HAVE_STRING_H 1
| #define HAVE_MEMORY_H 1
| #define HAVE_STRINGS_H 1
| #define HAVE_INTTYPES_H 1
| #define HAVE_STDINT_H 1
| #define HAVE_UNISTD_H 1
| #define HAVE_FCNTL_H 1
| #define HAVE_LIMITS_H 1
| #define HAVE_STRINGS_H 1
| #define HAVE_SYSLOG_H 1
| #define HAVE_UNISTD_H 1
| #define HAVE_SYS_CDEFS_H 1
| #define HAVE_SYS_PARAM_H 1
| #define HAVE_STDARG_H 1
| #define HAVE_LOCALE_H 1
| #define HAVE_ENDIAN_H 1
| #define JSON_C_HAVE_INTTYPES_H 1
| #define HAVE___THREAD 1
| #define SPEC___THREAD __thread
| #define HAVE_VPRINTF 1
| #define HAVE_REALLOC 1
| #define HAVE_STRCASECMP 1
| #define HAVE_STRDUP 1
| #define HAVE_STRERROR 1
| #define HAVE_SNPRINTF 1
| #define HAVE_VSNPRINTF 1
| #define HAVE_VASPRINTF 1
| #define HAVE_OPEN 1
| #define HAVE_VSYSLOG 1
| #define HAVE_STRNCASECMP 1
| #define HAVE_SETLOCALE 1
| #define HAVE_DECL_INFINITY 1
| #define HAVE_DECL_NAN 1
| #define HAVE_DECL_ISNAN 1
| #define HAVE_DECL_ISINF 1
| #define HAVE_DECL__ISNAN 0
| #define HAVE_DECL__FINITE 0
| #define HAVE_ATOMIC_BUILTINS 1
| #define HAVE_USELOCALE 1
| #define HAVE_DLFCN_H 1
| #define LT_OBJDIR ".libs/"
| #define SIZEOF_INT 4
| /* end confdefs.h.  */
| #include "confdefs.h"
| #include <sys/types.h>
| 
| 
| int
| main ()
| {
| switch (0) case 0: case (sizeof (long) == 4):;
|   ;
|   return 0;
| }
configure:10086: gcc -c -g -O2 -Werror -Wall -Wcast-qual -Wno-error=deprecated-declarations -Wextra -Wwrite-strings -Wno-unused-parameter -D_GNU_SOURCE -D_REENTRANT  conftest.c >&5
configure:10086: $? = 0
configure:10098: result: 8
configure:10106: checking size of long long
configure:10126: gcc -c -g -O2 -Werror -Wall -Wcast-qual -Wno-error=deprecated-declarations -Wextra -Wwrite-strings -Wno-unused-parameter -D_GNU_SOURCE -D_REENTRANT  conftest.c >&5
conftest.c: In function 'main':
conftest.c:65:20: error: duplicate case value
   65 | switch (0) case 0: case (sizeof (long long) == 4):;
      |                    ^~~~
conftest.c:65:12: note: previously used here
   65 | switch (0) case 0: case (sizeof (long long) == 4):;
      |            ^~~~
configure:10126: $? = 1
configure: failed program was:
| /* confdefs.h */
| #define PACKAGE_NAME "json-c"
| #define PACKAGE_TARNAME "json-c"
| #define PACKAGE_VERSION "0.13.99"
| #define PACKAGE_STRING "json-c 0.13.99"
| #define PACKAGE_BUGREPORT "json-c@googlegroups.com"
| #define PACKAGE_URL ""
| #define PACKAGE "json-c"
| #define VERSION "0.13.99"
| #define STDC_HEADERS 1
| #define HAVE_SYS_TYPES_H 1
| #define HAVE_SYS_STAT_H 1
| #define HAVE_STDLIB_H 1
| #define HAVE_STRING_H 1
| #define HAVE_MEMORY_H 1
| #define HAVE_STRINGS_H 1
| #define HAVE_INTTYPES_H 1
| #define HAVE_STDINT_H 1
| #define HAVE_UNISTD_H 1
| #define HAVE_FCNTL_H 1
| #define HAVE_LIMITS_H 1
| #define HAVE_STRINGS_H 1
| #define HAVE_SYSLOG_H 1
| #define HAVE_UNISTD_H 1
| #define HAVE_SYS_CDEFS_H 1
| #define HAVE_SYS_PARAM_H 1
| #define HAVE_STDARG_H 1
| #define HAVE_LOCALE_H 1
| #define HAVE_ENDIAN_H 1
| #define JSON_C_HAVE_INTTYPES_H 1
| #define HAVE___THREAD 1
| #define SPEC___THREAD __thread
| #define HAVE_VPRINTF 1
| #define HAVE_REALLOC 1
| #define HAVE_STRCASECMP 1
| #define HAVE_STRDUP 1
| #define HAVE_STRERROR 1
| #define HAVE_SNPRINTF 1
| #define HAVE_VSNPRINTF 1
| #define HAVE_VASPRINTF 1
| #define HAVE_OPEN 1
| #define HAVE_VSYSLOG 1
| #define HAVE_STRNCASECMP 1
| #define HAVE_SETLOCALE 1
| #define HAVE_DECL_INFINITY 1
| #define HAVE_DECL_NAN 1
| #define HAVE_DECL_ISNAN 1
| #define HAVE_DECL_ISINF 1
| #define HAVE_DECL__ISNAN 0
| #define HAVE_DECL__FINITE 0
| #define HAVE_ATOMIC_BUILTINS 1
| #define HAVE_USELOCALE 1
| #define HAVE_DLFCN_H 1
| #define LT_OBJDIR ".libs/"
| #define SIZEOF_INT 4
| #define SIZEOF_LONG 8
| /* end confdefs.h.  */
| #include "confdefs.h"
| #include <sys/types.h>
| 
| 
| int
| main ()
| {
| switch (0) case 0: case (sizeof (long long) == 4):;
|   ;
|   return 0;
| }
configure:10126: gcc -c -g -O2 -Werror -Wall -Wcast-qual -Wno-error=deprecated-declarations -Wextra -Wwrite-strings -Wno-unused-parameter -D_GNU_SOURCE -D_REENTRANT  conftest.c >&5
configure:10126: $? = 0
configure:10138: result: 8
configure:10146: checking size of size_t
configure:10166: gcc -c -g -O2 -Werror -Wall -Wcast-qual -Wno-error=deprecated-declarations -Wextra -Wwrite-strings -Wno-unused-parameter -D_GNU_SOURCE -D_REENTRANT  conftest.c >&5
conftest.c: In function 'main':
conftest.c:66:20: error: duplicate case value
   66 | switch (0) case 0: case (sizeof (size_t) == 4):;
      |                    ^~~~
conftest.c:66:12: note: previously used here
   66 | switch (0) case 0: case (sizeof (size_t) == 4):;
      |            ^~~~
configure:10166: $? = 1
configure: failed program was:
| /* confdefs.h */
| #define PACKAGE_NAME "json-c"
| #define PACKAGE_TARNAME "json-c"
| #define PACKAGE_VERSION "0.13.99"
| #define PACKAGE_STRING "json-c 0.13.99"
| #define PACKAGE_BUGREPORT "json-c@googlegroups.com"
| #define PACKAGE_URL ""
| #define PACKAGE "json-c"
| #define VERSION "0.13.99"
| #define STDC_HEADERS 1
| #define HAVE_SYS_TYPES_H 1
| #define HAVE_SYS_STAT_H 1
| #define HAVE_STDLIB_H 1
| #define HAVE_STRING_H 1
| #define HAVE_MEMORY_H 1
| #define HAVE_STRINGS_H 1
| #define HAVE_INTTYPES_H 1
| #define HAVE_STDINT_H 1
| #define HAVE_UNISTD_H 1
| #define HAVE_FCNTL_H 1
| #define HAVE_LIMITS_H 1
| #define HAVE_STRINGS_H 1
| #define HAVE_SYSLOG_H 1
| #define HAVE_UNISTD_H 1
| #define HAVE_SYS_CDEFS_H 1
| #define HAVE_SYS_PARAM_H 1
| #define HAVE_STDARG_H 1
| #define HAVE_LOCALE_H 1
| #define HAVE_ENDIAN_H 1
| #define JSON_C_HAVE_INTTYPES_H 1
| #define HAVE___THREAD 1
| #define SPEC___THREAD __thread
| #define HAVE_VPRINTF 1
| #define HAVE_REALLOC 1
| #define HAVE_STRCASECMP 1
| #define HAVE_STRDUP 1
| #define HAVE_STRERROR 1
| #define HAVE_SNPRINTF 1
| #define HAVE_VSNPRINTF 1
| #define HAVE_VASPRINTF 1
| #define HAVE_OPEN 1
| #define HAVE_VSYSLOG 1
| #define HAVE_STRNCASECMP 1
| #define HAVE_SETLOCALE 1
| #define HAVE_DECL_INFINITY 1
| #define HAVE_DECL_NAN 1
| #define HAVE_DECL_ISNAN 1
| #define HAVE_DECL_ISINF 1
| #define HAVE_DECL__ISNAN 0
| #define HAVE_DECL__FINITE 0
| #define HAVE_ATOMIC_BUILTINS 1
| #define HAVE_USELOCALE 1
| #define HAVE_DLFCN_H 1
| #define LT_OBJDIR ".libs/"
| #define SIZEOF_INT 4
| #define SIZEOF_LONG 8
| #define SIZEOF_LONG_LONG 8
| /* end confdefs.h.  */
| #include "confdefs.h"
| #include <sys/types.h>
| #include <stdint.h>
| 
| int
| main ()
| {
| switch (0) case 0: case (sizeof (size_t) == 4):;
|   ;
|   return 0;
| }
configure:10166: gcc -c -g -O2 -Werror -Wall -Wcast-qual -Wno-error=deprecated-declarations -Wextra -Wwrite-strings -Wno-unused-parameter -D_GNU_SOURCE -D_REENTRANT  conftest.c >&5
configure:10166: $? = 0
configure:10178: result: 8
configure:10186: checking size of int64_t
configure:10206: gcc -c -g -O2 -Werror -Wall -Wcast-qual -Wno-error=deprecated-declarations -Wextra -Wwrite-strings -Wno-unused-parameter -D_GNU_SOURCE -D_REENTRANT  conftest.c >&5
conftest.c: In function 'main':
conftest.c:67:20: error: duplicate case value
   67 | switch (0) case 0: case (sizeof (int64_t) == 4):;
      |                    ^~~~
conftest.c:67:12: note: previously used here
   67 | switch (0) case 0: case (sizeof (int64_t) == 4):;
      |            ^~~~
configure:10206: $? = 1
configure: failed program was:
| /* confdefs.h */
| #define PACKAGE_NAME "json-c"
| #define PACKAGE_TARNAME "json-c"
| #define PACKAGE_VERSION "0.13.99"
| #define PACKAGE_STRING "json-c 0.13.99"
| #define PACKAGE_BUGREPORT "json-c@googlegroups.com"
| #define PACKAGE_URL ""
| #define PACKAGE "json-c"
| #define VERSION "0.13.99"
| #define STDC_HEADERS 1
| #define HAVE_SYS_TYPES_H 1
| #define HAVE_SYS_STAT_H 1
| #define HAVE_STDLIB_H 1
| #define HAVE_STRING_H 1
| #define HAVE_MEMORY_H 1
| #define HAVE_STRINGS_H 1
| #define HAVE_INTTYPES_H 1
| #define HAVE_STDINT_H 1
| #define HAVE_UNISTD_H 1
| #define HAVE_FCNTL_H 1
| #define HAVE_LIMITS_H 1
| #define HAVE_STRINGS_H 1
| #define HAVE_SYSLOG_H 1
| #define HAVE_UNISTD_H 1
| #define HAVE_SYS_CDEFS_H 1
| #define HAVE_SYS_PARAM_H 1
| #define HAVE_STDARG_H 1
| #define HAVE_LOCALE_H 1
| #define HAVE_ENDIAN_H 1
| #define JSON_C_HAVE_INTTYPES_H 1
| #define HAVE___THREAD 1
| #define SPEC___THREAD __thread
| #define HAVE_VPRINTF 1
| #define HAVE_REALLOC 1
| #define HAVE_STRCASECMP 1
| #define HAVE_STRDUP 1
| #define HAVE_STRERROR 1
| #define HAVE_SNPRINTF 1
| #define HAVE_VSNPRINTF 1
| #define HAVE_VASPRINTF 1
| #define HAVE_OPEN 1
| #define HAVE_VSYSLOG 1
| #define HAVE_STRNCASECMP 1
| #define HAVE_SETLOCALE 1
| #define HAVE_DECL_INFINITY 1
| #define HAVE_DECL_NAN 1
| #define HAVE_DECL_ISNAN 1
| #define HAVE_DECL_ISINF 1
| #define HAVE_DECL__ISNAN 0
| #define HAVE_DECL__FINITE 0
| #define HAVE_ATOMIC_BUILTINS 1
| #define HAVE_USELOCALE 1
| #define HAVE_DLFCN_H 1
| #define LT_OBJDIR ".libs/"
| #define SIZEOF_INT 4
| #define SIZEOF_LONG 8
| #define SIZEOF_LONG_LONG 8
| #define SIZEOF_SIZE_T 8
| /* end confdefs.h.  */
| #include "confdefs.h"
| #include <sys/types.h>
| #include <stdint.h>
| 
| int
| main ()
| {
| switch (0) case 0: case (sizeof (int64_t) == 4):;
|   ;
|   return 0;
| }
configure:10206: gcc -c -g -O2 -Werror -Wall -Wcast-qual -Wno-error=deprecated-declarations -Wextra -Wwrite-strings -Wno-unused-parameter -D_GNU_SOURCE -D_REENTRANT  conftest.c >&5
configure:10206: $? = 0
configure:10218: result: 8
configure:10331: checking that generated files are newer than configure
configure:10337: result: done
configure:10360: creating ./config.status

## ---------------------- ##
## Running config.status. ##
## ---------------------- ##

This file was extended by json-c config.status 0.13.99, which was
generated by GNU Autoconf 2.69.  Invocation command line was

  CONFIG_FILES    = 
  CONFIG_HEADERS  = 
  CONFIG_LINKS    = 
  CONFIG_COMMANDS = 
  $ ./config.status 

on Caboose-Two

config.status:1123: creating Makefile
config.status:1123: creating json-c.pc
config.status:1123: creating tests/Makefile
config.status:1123: creating json-c-uninstalled.pc
config.status:1123: creating config.h
config.status:1123: creating json_config.h
config.status:1352: executing depfiles commands
config.status:1429: cd .       && sed -e '/# am--include-marker/d' Makefile         | make -f - am--depfiles
config.status:1434: $? = 0
config.status:1429: cd tests       && sed -e '/# am--include-marker/d' Makefile         | make -f - am--depfiles
config.status:1434: $? = 0
config.status:1352: executing libtool commands

## ---------------- ##
## Cache variables. ##
## ---------------- ##

ac_cv___thread=yes
ac_cv_build=x86_64-pc-linux-gnu
ac_cv_c_compiler_gnu=yes
ac_cv_c_const=yes
ac_cv_env_CC_set=
ac_cv_env_CC_value=
ac_cv_env_CFLAGS_set=
ac_cv_env_CFLAGS_value=
ac_cv_env_CPPFLAGS_set=
ac_cv_env_CPPFLAGS_value=
ac_cv_env_CPP_set=
ac_cv_env_CPP_value=
ac_cv_env_LDFLAGS_set=
ac_cv_env_LDFLAGS_value=
ac_cv_env_LIBS_set=
ac_cv_env_LIBS_value=
ac_cv_env_LT_SYS_LIBRARY_PATH_set=
ac_cv_env_LT_SYS_LIBRARY_PATH_value=
ac_cv_env_build_alias_set=
ac_cv_env_build_alias_value=
ac_cv_env_host_alias_set=
ac_cv_env_host_alias_value=
ac_cv_env_target_alias_set=
ac_cv_env_target_alias_value=
ac_cv_func__doprnt=no
ac_cv_func_memcmp_working=yes
ac_cv_func_open=yes
ac_cv_func_realloc=yes
ac_cv_func_setlocale=yes
ac_cv_func_snprintf=yes
ac_cv_func_strcasecmp=yes
ac_cv_func_strdup=yes
ac_cv_func_strerror=yes
ac_cv_func_strncasecmp=yes
ac_cv_func_uselocale=yes
ac_cv_func_vasprintf=yes
ac_cv_func_vprintf=yes
ac_cv_func_vsnprintf=yes
ac_cv_func_vsyslog=yes
ac_cv_have_decl_INFINITY=yes
ac_cv_have_decl__finite=no
ac_cv_have_decl__isnan=no
ac_cv_have_decl_isinf=yes
ac_cv_have_decl_isnan=yes
ac_cv_have_decl_nan=yes
ac_cv_header_dlfcn_h=yes
ac_cv_header_endian_h=yes
ac_cv_header_fcntl_h=yes
ac_cv_header_inttypes_h=yes
ac_cv_header_limits_h=yes
ac_cv_header_locale_h=yes
ac_cv_header_memory_h=yes
ac_cv_header_stdarg_h=yes
ac_cv_header_stdc=yes
ac_cv_header_stdint_h=yes
ac_cv_header_stdlib_h=yes
ac_cv_header_string_h=yes
ac_cv_header_strings_h=yes
ac_cv_header_sys_cdefs_h=yes
ac_cv_header_sys_param_h=yes
ac_cv_header_sys_stat_h=yes
ac_cv_header_sys_types_h=yes
ac_cv_header_syslog_h=yes
ac_cv_header_unistd_h=yes
ac_cv_header_xlocale_h=no
ac_cv_host=x86_64-pc-linux-gnu
ac_cv_objext=o
ac_cv_path_EGREP='/usr/bin/grep -E'
ac_cv_path_FGREP='/usr/bin/grep -F'
ac_cv_path_GREP=/usr/bin/grep
ac_cv_path_SED=/usr/bin/sed
ac_cv_path_install='/usr/bin/install -c'
ac_cv_path_lt_DD=/usr/bin/dd
ac_cv_path_mkdir=/usr/bin/mkdir
ac_cv_prog_AWK=gawk
ac_cv_prog_CPP='gcc -E'
ac_cv_prog_ac_ct_AR=ar
ac_cv_prog_ac_ct_CC=gcc
ac_cv_prog_ac_ct_OBJDUMP=objdump
ac_cv_prog_ac_ct_RANLIB=ranlib
ac_cv_prog_ac_ct_STRIP=strip
ac_cv_prog_cc_c89=
ac_cv_prog_cc_c99=
ac_cv_prog_cc_g=yes
ac_cv_prog_make_make_set=yes
ac_cv_sizeof_int64_t=8
ac_cv_sizeof_int=4
ac_cv_sizeof_long=8
ac_cv_sizeof_long_long=8
ac_cv_sizeof_size_t=8
ac_cv_type_size_t=yes
am_cv_CC_dependencies_compiler_type=gcc3
am_cv_make_support_nested_variables=yes
am_cv_prog_cc_c_o=yes
ax_cv_check_cflags___D_GNU_SOURCE=yes
ax_cv_check_cflags___D_REENTRANT=yes
ax_cv_check_cflags___Wall=yes
ax_cv_check_cflags___Wcast_qual=yes
ax_cv_check_cflags___Werror=yes
ax_cv_check_cflags___Wextra=yes
ax_cv_check_cflags___Wno_error_deprecated_declarations=yes
ax_cv_check_cflags___Wno_unused_parameter=yes
ax_cv_check_cflags___Wwrite_strings=yes
lt_cv_ar_at_file=@
lt_cv_archive_cmds_need_lc=no
lt_cv_deplibs_check_method=pass_all
lt_cv_file_magic_cmd='$MAGIC_CMD'
lt_cv_file_magic_test_file=
lt_cv_ld_reload_flag=-r
lt_cv_nm_interface='BSD nm'
lt_cv_objdir=.libs
lt_cv_path_LD=/usr/bin/ld
lt_cv_path_NM='/usr/bin/nm -B'
lt_cv_path_mainfest_tool=no
lt_cv_prog_compiler_c_o=yes
lt_cv_prog_compiler_pic='-fPIC -DPIC'
lt_cv_prog_compiler_pic_works=yes
lt_cv_prog_compiler_rtti_exceptions=no
lt_cv_prog_compiler_static_works=yes
lt_cv_prog_gnu_ld=yes
lt_cv_sharedlib_from_linklib_cmd='printf %s\n'
lt_cv_shlibpath_overrides_runpath=no
lt_cv_sys_global_symbol_pipe='sed -n -e '\''s/^.*[	 ]\([ABCDGIRSTW][ABCDGIRSTW]*\)[	 ][	 ]*\([_A-Za-z][_A-Za-z0-9]*\)$/\1 \2 \2/p'\'' | sed '\''/ __gnu_lto/d'\'''
lt_cv_sys_global_symbol_to_c_name_address='sed -n -e '\''s/^: \(.*\) .*$/  {"\1", (void *) 0},/p'\'' -e '\''s/^[ABCDGIRSTW][ABCDGIRSTW]* .* \(.*\)$/  {"\1", (void *) \&\1},/p'\'''
lt_cv_sys_global_symbol_to_c_name_address_lib_prefix='sed -n -e '\''s/^: \(.*\) .*$/  {"\1", (void *) 0},/p'\'' -e '\''s/^[ABCDGIRSTW][ABCDGIRSTW]* .* \(lib.*\)$/  {"\1", (void *) \&\1},/p'\'' -e '\''s/^[ABCDGIRSTW][ABCDGIRSTW]* .* \(.*\)$/  {"lib\1", (void *) \&\1},/p'\'''
lt_cv_sys_global_symbol_to_cdecl='sed -n -e '\''s/^T .* \(.*\)$/extern int \1();/p'\'' -e '\''s/^[ABCDGIRSTW][ABCDGIRSTW]* .* \(.*\)$/extern char \1;/p'\'''
lt_cv_sys_global_symbol_to_import=
lt_cv_sys_max_cmd_len=1572864
lt_cv_to_host_file_cmd=func_convert_file_noop
lt_cv_to_tool_file_cmd=func_convert_file_noop
lt_cv_truncate_bin='/usr/bin/dd bs=4096 count=1'

## ----------------- ##
## Output variables. ##
## ----------------- ##

ACLOCAL='${SHELL} /home/julian/Exploration-of-Concurrency/week6/json-c/missing aclocal-1.16'
AMDEPBACKSLASH='\'
AMDEP_FALSE='#'
AMDEP_TRUE=''
AMTAR='$${TAR-tar}'
AM_BACKSLASH='\'
AM_DEFAULT_V='$(AM_DEFAULT_VERBOSITY)'
AM_DEFAULT_VERBOSITY='0'
AM_V='$(V)'
AR='ar'
AUTOCONF='${SHELL} /home/julian/Exploration-of-Concurrency/week6/json-c/missing autoconf'
AUTOHEADER='${SHELL} /home/julian/Exploration-of-Concurrency/week6/json-c/missing autoheader'
AUTOMAKE='${SHELL} /home/julian/Exploration-of-Concurrency/week6/json-c/missing automake-1.16'
AWK='gawk'
CC='gcc'
CCDEPMODE='depmode=gcc3'
CFLAGS='-g -O2 -Werror -Wall -Wcast-qual -Wno-error=deprecated-declarations -Wextra -Wwrite-strings -Wno-unused-parameter -D_GNU_SOURCE -D_REENTRANT'
CPP='gcc -E'
CPPFLAGS=''
CYGPATH_W='echo'
DEFS='-DHAVE_CONFIG_H'
DEPDIR='.deps'
DLLTOOL='false'
DSYMUTIL=''
DUMPBIN=''
ECHO_C=''
ECHO_N='-n'
ECHO_T=''
EGREP='/usr/bin/grep -E'
EXEEXT=''
FGREP='/usr/bin/grep -F'
GREP='/usr/bin/grep'
INSTALL_DATA='${INSTALL} -m 644'
INSTALL_PROGRAM='${INSTALL}'
INSTALL_SCRIPT='${INSTALL}'
INSTALL_STRIP_PROGRAM='$(install_sh) -c -s'
JSON_BSYMBOLIC_LDFLAGS='-Wl,-Bsymbolic-functions'
LD='/usr/bin/ld -m elf_x86_64'
LDFLAGS=''
LIBOBJS=''
LIBS=''
LIBTOOL='$(SHELL) $(top_builddir)/libtool'
LIPO=''
LN_S='ln -s'
LTLIBOBJS=''
LT_SYS_LIBRARY_PATH=''
MAKEINFO='${SHELL} /home/julian/Exploration-of-Concurrency/week6/json-c/missing makeinfo'
MANIFEST_TOOL=':'
MKDIR_P='/usr/bin/mkdir -p'
NM='/usr/bin/nm -B'
NMEDIT=''
OBJDUMP='objdump'
OBJEXT='o'
OTOOL64=''
OTOOL=''
PACKAGE='json-c'
PACKAGE_BUGREPORT='json-c@googlegroups.com'
PACKAGE_NAME='json-c'
PACKAGE_STRING='json-c 0.13.99'
PACKAGE_TARNAME='json-c'
PACKAGE_URL=''
PACKAGE_VERSION='0.13.99'
PATH_SEPARATOR=':'
RANLIB='ranlib'
SED='/usr/bin/sed'
SET_MAKE=''
SHELL='/bin/sh'
STRIP='strip'
VERSION='0.13.99'
ac_ct_AR='ar'
ac_ct_CC='gcc'
ac_ct_DUMPBIN=''
am__EXEEXT_FALSE=''
am__EXEEXT_TRUE='#'
am__fastdepCC_FALSE='#'
am__fastdepCC_TRUE=''
am__include='include'
am__isrc=''
am__leading_dot='.'
am__nodep='_no'
am__quote=''
am__tar='$${TAR-tar} chof - "$$tardir"'
am__untar='$${TAR-tar} xf -'
bindir='${exec_prefix}/bin'
build='x86_64-pc-linux-gnu'
build_alias=''
build_cpu='x86_64'
build_os='linux-gnu'
build_vendor='pc'
datadir='${datarootdir}'
datarootdir='${prefix}/share'
docdir='${datarootdir}/doc/${PACKAGE_TARNAME}'
dvidir='${docdir}'
exec_prefix='${prefix}'
host='x86_64-pc-linux-gnu'
host_alias=''
host_cpu='x86_64'
host_os='linux-gnu'
host_vendor='pc'
htmldir='${docdir}'
includedir='${prefix}/include'
infodir='${datarootdir}/info'
install_sh='${SHELL} /home/julian/Exploration-of-Concurrency/week6/json-c/install-sh'
libdir='${exec_prefix}/lib'
libexecdir='${exec_prefix}/libexec'
localedir='${datarootdir}/locale'
localstatedir='${prefix}/var'
mandir='${datarootdir}/man'
mkdir_p='$(MKDIR_P)'
oldincludedir='/usr/include'
pdfdir='${docdir}'
prefix='/usr/local'
program_transform_name='s,x,x,'
psdir='${docdir}'
sbindir='${exec_prefix}/sbin'
sharedstatedir='${prefix}/com'
sysconfdir='${prefix}/etc'
target_alias=''

## ----------- ##
## confdefs.h. ##
## ----------- ##

/* confdefs.h */
#define PACKAGE_NAME "json-c"
#define PACKAGE_TARNAME "json-c"
#define PACKAGE_VERSION "0.13.99"
#define PACKAGE_STRING "json-c 0.13.99"
#define PACKAGE_BUGREPORT "json-c@googlegroups.com"
#define PACKAGE_URL ""
#define PACKAGE "json-c"
#define VERSION "0.13.99"
#define STDC_HEADERS 1
#define HAVE_SYS_TYPES_H 1
#define HAVE_SYS_STAT_H 1
#define HAVE_STDLIB_H 1
#define HAVE_STRING_H 1
#define HAVE_MEMORY_H 1
#define HAVE_STRINGS_H 1
#define HAVE_INTTYPES_H 1
#define HAVE_STDINT_H 1
#define HAVE_UNISTD_H 1
#define HAVE_FCNTL_H 1
#define HAVE_LIMITS_H 1
#define HAVE_STRINGS_H 1
#define HAVE_SYSLOG_H 1
#define HAVE_UNISTD_H 1
#define HAVE_SYS_CDEFS_H 1
#define HAVE_SYS_PARAM_H 1
#define HAVE_STDARG_H 1
#define HAVE_LOCALE_H 1
#define HAVE_ENDIAN_H 1
#define JSON_C_HAVE_INTTYPES_H 1
#define HAVE___THREAD 1
#define SPEC___THREAD __thread
#define HAVE_VPRINTF 1
#define HAVE_REALLOC 1
#define HAVE_STRCASECMP 1
#define HAVE_STRDUP 1
#define HAVE_STRERROR 1
#define HAVE_SNPRINTF 1
#define HAVE_VSNPRINTF 1
#define HAVE_VASPRINTF 1
#define HAVE_OPEN 1
#define HAVE_VSYSLOG 1
#define HAVE_STRNCASECMP 1
#define HAVE_SETLOCALE 1
#define HAVE_DECL_INFINITY 1
#define HAVE_DECL_NAN 1
#define HAVE_DECL_ISNAN 1
#define HAVE_DECL_ISINF 1
#define HAVE_DECL__ISNAN 0
#define HAVE_DECL__FINITE 0
#define HAVE_ATOMIC_BUILTINS 1
#define HAVE_USELOCALE 1
#define HAVE_DLFCN_H 1
#define LT_OBJDIR ".libs/"
#define SIZEOF_INT 4
#define SIZEOF_LONG 8
#define SIZEOF_LONG_LONG 8
#define SIZEOF_SIZE_T 8
#define SIZEOF_INT64_T 8

configure: exit 0
